app/build/intermediates/manifest_merge_blame_file/debug/processDebugMainManifest/manifest-merger-blame-debug-report.txt
1<?xml version="1.0" encoding="utf-8"?>
2<manifest xmlns:android="http://schemas.android.com/apk/res/android"
3    package="com.koi.ecommerceapp"
4    android:versionCode="1"
5    android:versionName="1.0" >
6
7    <uses-sdk
8        android:minSdkVersion="24"
9        android:targetSdkVersion="34" />
10
11    <permission
11-->[androidx.core:core:1.13.0] AndroidManifest.xml:22:5-24:47
12        android:name="com.koi.ecommerceapp.DYNAMIC_RECEIVER_NOT_EXPORTED_PERMISSION"
12-->[androidx.core:core:1.13.0] AndroidManifest.xml:23:9-81
13        android:protectionLevel="signature" />
13-->[androidx.core:core:1.13.0] AndroidManifest.xml:24:9-44
14
15    <uses-permission android:name="com.koi.ecommerceapp.DYNAMIC_RECEIVER_NOT_EXPORTED_PERMISSION" />
15-->[androidx.core:core:1.13.0] AndroidManifest.xml:26:5-97
15-->[androidx.core:core:1.13.0] AndroidManifest.xml:26:22-94
16
17    <application
17-->src\main\AndroidManifest.xml:5:5-30:19
18        android:allowBackup="true"
18-->src\main\AndroidManifest.xml:6:9-35
19        android:appComponentFactory="androidx.core.app.CoreComponentFactory"
19-->[androidx.core:core:1.13.0] AndroidManifest.xml:28:18-86
20        android:debuggable="true"
21        android:extractNativeLibs="false"
22        android:icon="@android:drawable/ic_menu_gallery"
22-->src\main\AndroidManifest.xml:7:9-57
23        android:label="@string/app_name"
23-->src\main\AndroidManifest.xml:8:9-41
24        android:supportsRtl="true"
24-->src\main\AndroidManifest.xml:9:9-35
25        android:testOnly="true"
26        android:theme="@style/Theme.ICT372" >
26-->src\main\AndroidManifest.xml:10:9-44
27
28        <!-- Activities -->
29        <activity android:name="com.koi.ecommerceapp.RegisterActivity" />
29-->src\main\AndroidManifest.xml:13:9-54
29-->src\main\AndroidManifest.xml:13:19-51
30        <activity android:name="com.koi.ecommerceapp.HomeActivity" />
30-->src\main\AndroidManifest.xml:14:9-50
30-->src\main\AndroidManifest.xml:14:19-47
31        <activity android:name="com.koi.ecommerceapp.ProductDetailActivity" />
31-->src\main\AndroidManifest.xml:15:9-59
31-->src\main\AndroidManifest.xml:15:19-56
32        <activity android:name="com.koi.ecommerceapp.SearchActivity" />
32-->src\main\AndroidManifest.xml:16:9-52
32-->src\main\AndroidManifest.xml:16:19-49
33        <activity android:name="com.koi.ecommerceapp.CartActivity" />
33-->src\main\AndroidManifest.xml:17:9-50
33-->src\main\AndroidManifest.xml:17:19-47
34        <activity android:name="com.koi.ecommerceapp.CheckoutActivity" />
34-->src\main\AndroidManifest.xml:18:9-54
34-->src\main\AndroidManifest.xml:18:19-51
35        <activity android:name="com.koi.ecommerceapp.PurchaseHistoryActivity" />
35-->src\main\AndroidManifest.xml:19:9-61
35-->src\main\AndroidManifest.xml:19:19-58
36
37        <!-- Launcher -->
38        <activity
38-->src\main\AndroidManifest.xml:22:9-29:20
39            android:name="com.koi.ecommerceapp.MainActivity"
39-->src\main\AndroidManifest.xml:23:13-41
40            android:exported="true" >
40-->src\main\AndroidManifest.xml:24:13-36
41            <intent-filter>
41-->src\main\AndroidManifest.xml:25:13-28:29
42                <action android:name="android.intent.action.MAIN" />
42-->src\main\AndroidManifest.xml:26:17-69
42-->src\main\AndroidManifest.xml:26:25-66
43
44                <category android:name="android.intent.category.LAUNCHER" />
44-->src\main\AndroidManifest.xml:27:17-77
44-->src\main\AndroidManifest.xml:27:27-74
45            </intent-filter>
46        </activity>
47
48        <provider
48-->[androidx.emoji2:emoji2:1.3.0] AndroidManifest.xml:24:9-32:20
49            android:name="androidx.startup.InitializationProvider"
49-->[androidx.emoji2:emoji2:1.3.0] AndroidManifest.xml:25:13-67
50            android:authorities="com.koi.ecommerceapp.androidx-startup"
50-->[androidx.emoji2:emoji2:1.3.0] AndroidManifest.xml:26:13-68
51            android:exported="false" >
51-->[androidx.emoji2:emoji2:1.3.0] AndroidManifest.xml:27:13-37
52            <meta-data
52-->[androidx.emoji2:emoji2:1.3.0] AndroidManifest.xml:29:13-31:52
53                android:name="androidx.emoji2.text.EmojiCompatInitializer"
53-->[androidx.emoji2:emoji2:1.3.0] AndroidManifest.xml:30:17-75
54                android:value="androidx.startup" />
54-->[androidx.emoji2:emoji2:1.3.0] AndroidManifest.xml:31:17-49
55            <meta-data
55-->[androidx.lifecycle:lifecycle-process:2.6.2] AndroidManifest.xml:29:13-31:52
56                android:name="androidx.lifecycle.ProcessLifecycleInitializer"
56-->[androidx.lifecycle:lifecycle-process:2.6.2] AndroidManifest.xml:30:17-78
57                android:value="androidx.startup" />
57-->[androidx.lifecycle:lifecycle-process:2.6.2] AndroidManifest.xml:31:17-49
58            <meta-data
58-->[androidx.profileinstaller:profileinstaller:1.3.1] AndroidManifest.xml:29:13-31:52
59                android:name="androidx.profileinstaller.ProfileInstallerInitializer"
59-->[androidx.profileinstaller:profileinstaller:1.3.1] AndroidManifest.xml:30:17-85
60                android:value="androidx.startup" />
60-->[androidx.profileinstaller:profileinstaller:1.3.1] AndroidManifest.xml:31:17-49
61        </provider>
62
63        <receiver
63-->[androidx.profileinstaller:profileinstaller:1.3.1] AndroidManifest.xml:34:9-52:20
64            android:name="androidx.profileinstaller.ProfileInstallReceiver"
64-->[androidx.profileinstaller:profileinstaller:1.3.1] AndroidManifest.xml:35:13-76
65            android:directBootAware="false"
65-->[androidx.profileinstaller:profileinstaller:1.3.1] AndroidManifest.xml:36:13-44
66            android:enabled="true"
66-->[androidx.profileinstaller:profileinstaller:1.3.1] AndroidManifest.xml:37:13-35
67            android:exported="true"
67-->[androidx.profileinstaller:profileinstaller:1.3.1] AndroidManifest.xml:38:13-36
68            android:permission="android.permission.DUMP" >
68-->[androidx.profileinstaller:profileinstaller:1.3.1] AndroidManifest.xml:39:13-57
69            <intent-filter>
69-->[androidx.profileinstaller:profileinstaller:1.3.1] AndroidManifest.xml:40:13-42:29
70                <action android:name="androidx.profileinstaller.action.INSTALL_PROFILE" />
70-->[androidx.profileinstaller:profileinstaller:1.3.1] AndroidManifest.xml:41:17-91
70-->[androidx.profileinstaller:profileinstaller:1.3.1] AndroidManifest.xml:41:25-88
71            </intent-filter>
72            <intent-filter>
72-->[androidx.profileinstaller:profileinstaller:1.3.1] AndroidManifest.xml:43:13-45:29
73                <action android:name="androidx.profileinstaller.action.SKIP_FILE" />
73-->[androidx.profileinstaller:profileinstaller:1.3.1] AndroidManifest.xml:44:17-85
73-->[androidx.profileinstaller:profileinstaller:1.3.1] AndroidManifest.xml:44:25-82
74            </intent-filter>
75            <intent-filter>
75-->[androidx.profileinstaller:profileinstaller:1.3.1] AndroidManifest.xml:46:13-48:29
76                <action android:name="androidx.profileinstaller.action.SAVE_PROFILE" />
76-->[androidx.profileinstaller:profileinstaller:1.3.1] AndroidManifest.xml:47:17-88
76-->[androidx.profileinstaller:profileinstaller:1.3.1] AndroidManifest.xml:47:25-85
77            </intent-filter>
78            <intent-filter>
78-->[androidx.profileinstaller:profileinstaller:1.3.1] AndroidManifest.xml:49:13-51:29
79                <action android:name="androidx.profileinstaller.action.BENCHMARK_OPERATION" />
79-->[androidx.profileinstaller:profileinstaller:1.3.1] AndroidManifest.xml:50:17-95
79-->[androidx.profileinstaller:profileinstaller:1.3.1] AndroidManifest.xml:50:25-92
80            </intent-filter>
81        </receiver>
82    </application>
83
84</manifest>